<?xml version="1.0" encoding="UTF-8"?>
<!-- Generated by org.testng.reporters.JUnitReportReporter -->
<testsuite skipped="0" hostname="LAPTOP-K3PKP4D5" name="tests.test" tests="2" failures="0" timestamp="15 Nov 2019 12:26:00 GMT" time="3.991" errors="0">
  <testcase name="testOne" time="3.988" classname="tests.test"/>
  <testcase name="sampleTest" time="0.003" classname="tests.test"/>
</testsuite> <!-- tests.test -->
