<?xml version="1.0" encoding="UTF-8"?>
<!-- Generated by org.testng.reporters.JUnitReportReporter -->
<testsuite skipped="0" hostname="LAPTOP-K3PKP4D5" name="tests.BaseClass" tests="1" failures="0" timestamp="15 Nov 2019 12:25:26 GMT" time="0.004" errors="0">
  <testcase name="sampleTest" time="0.004" classname="tests.BaseClass"/>
</testsuite> <!-- tests.BaseClass -->
